<?xml version="1.0" encoding="UTF-8"?>
<!-- Generated by org.testng.reporters.JUnitXMLReporter -->
<testsuite ignored="2" hostname="Sabyasachi" failures="0" tests="0" time="6.835" errors="0" timestamp="2025-10-12T17:02:47 IST">
  <testcase classname="MyTestNGPackage.MyTestNGClass10" name="function1" time="0.0">
    <ignored/>
  </testcase> <!-- function1 -->
  <testcase classname="MyTestNGPackage.MyTestNGClass10" name="function2" time="0.0">
    <ignored/>
  </testcase> <!-- function2 -->
</testsuite>
