<?xml version="1.0" encoding="UTF-8"?>
<!-- Generated by org.testng.reporters.JUnitReportReporter -->
<testsuite hostname="Sabyasachi" failures="0" tests="2" name="MyTestNGPackage.MyTestNGClass10" time="20.235" errors="0" timestamp="2025-10-12T17:11:35 IST" skipped="0">
  <testcase classname="MyTestNGPackage.MyTestNGClass10" name="function1" time="6.105"/>
  <testcase classname="MyTestNGPackage.MyTestNGClass10" name="function2" time="14.130"/>
</testsuite> <!-- MyTestNGPackage.MyTestNGClass10 -->
